25/06/2022 10:34:04 - http://random-status-code.herokuapp.com - on-line: false
25/06/2022 10:34:05 - https://alura.com.br - on-line: true
25/06/2022 10:34:05 - https://brasvan.com.br - on-line: true
25/06/2022 10:34:06 - https://geekie.one - on-line: true
25/06/2022 10:34:16 - http://random-status-code.herokuapp.com - on-line: true
25/06/2022 10:34:16 - https://alura.com.br - on-line: true
25/06/2022 10:34:16 - https://brasvan.com.br - on-line: true
25/06/2022 10:34:16 - https://geekie.one - on-line: true
25/06/2022 10:34:27 - http://random-status-code.herokuapp.com - on-line: true
25/06/2022 10:34:27 - https://alura.com.br - on-line: true
25/06/2022 10:34:27 - https://brasvan.com.br - on-line: true
25/06/2022 10:34:28 - https://geekie.one - on-line: true
25/06/2022 10:34:38 - http://random-status-code.herokuapp.com - on-line: false
25/06/2022 10:34:38 - https://alura.com.br - on-line: true
25/06/2022 10:34:38 - https://brasvan.com.br - on-line: true
25/06/2022 10:34:38 - https://geekie.one - on-line: true
25/06/2022 10:34:49 - http://random-status-code.herokuapp.com - on-line: false
25/06/2022 10:34:49 - https://alura.com.br - on-line: true
25/06/2022 10:34:49 - https://brasvan.com.br - on-line: true
25/06/2022 10:34:49 - https://geekie.one - on-line: true
